[debug] [2024-02-19T10:51:05.031Z] ----------------------------------------------------------------------
[debug] [2024-02-19T10:51:05.033Z] Command:       C:\Program Files\nodejs\node.exe C:\Users\Property\AppData\Roaming\npm\node_modules\firebase-tools\lib\bin\firebase.js emulators:start --only functions
[debug] [2024-02-19T10:51:05.033Z] CLI Version:   13.2.1
[debug] [2024-02-19T10:51:05.034Z] Platform:      win32
[debug] [2024-02-19T10:51:05.034Z] Node Version:  v20.10.0
[debug] [2024-02-19T10:51:05.034Z] Time:          Mon Feb 19 2024 05:51:05 GMT-0500 (Eastern Standard Time)
[debug] [2024-02-19T10:51:05.034Z] ----------------------------------------------------------------------
[debug] 
[debug] [2024-02-19T10:51:05.116Z] > command requires scopes: ["email","openid","https://www.googleapis.com/auth/cloudplatformprojects.readonly","https://www.googleapis.com/auth/firebase","https://www.googleapis.com/auth/cloud-platform"]
[debug] [2024-02-19T10:51:05.117Z] > authorizing via signed-in user (timboywa1@gmail.com)
[info] i  emulators: Starting emulators: functions {"metadata":{"emulator":{"name":"hub"},"message":"Starting emulators: functions"}}
[debug] [2024-02-19T10:51:05.134Z] [logging] Logging Emulator only supports listening on one address (127.0.0.1). Not listening on ::1
[debug] [2024-02-19T10:51:05.134Z] assigned listening specs for emulators {"user":{"hub":[{"address":"127.0.0.1","family":"IPv4","port":4400},{"address":"::1","family":"IPv6","port":4400}],"ui":[{"address":"127.0.0.1","family":"IPv4","port":4000},{"address":"::1","family":"IPv6","port":4000}],"logging":[{"address":"127.0.0.1","family":"IPv4","port":4500}]},"metadata":{"message":"assigned listening specs for emulators"}}
[debug] [2024-02-19T10:51:05.143Z] [hub] writing locator at C:\Users\Property\AppData\Local\Temp\hub-mealstogo-877b3.json
[debug] [2024-02-19T10:51:05.161Z] [functions] Functions Emulator only supports listening on one address (127.0.0.1). Not listening on ::1
[debug] [2024-02-19T10:51:05.161Z] [eventarc] Eventarc Emulator only supports listening on one address (127.0.0.1). Not listening on ::1
[debug] [2024-02-19T10:51:05.161Z] late-assigned ports for functions and eventarc emulators {"user":{"hub":[{"address":"127.0.0.1","family":"IPv4","port":4400},{"address":"::1","family":"IPv6","port":4400}],"ui":[{"address":"127.0.0.1","family":"IPv4","port":4000},{"address":"::1","family":"IPv6","port":4000}],"logging":[{"address":"127.0.0.1","family":"IPv4","port":4500}],"functions":[{"address":"127.0.0.1","family":"IPv4","port":5001}],"eventarc":[{"address":"127.0.0.1","family":"IPv4","port":9299}]},"metadata":{"message":"late-assigned ports for functions and eventarc emulators"}}
[warn] !  functions: The following emulators are not running, calls to these services from the Functions emulator will affect production: auth, firestore, database, hosting, pubsub, storage {"metadata":{"emulator":{"name":"functions"},"message":"The following emulators are not running, calls to these services from the Functions emulator will affect production: \u001b[1mauth, firestore, database, hosting, pubsub, storage\u001b[22m"}}
[debug] [2024-02-19T10:51:05.164Z] defaultcredentials: writing to file C:\Users\Property\AppData\Roaming\firebase\timboywa1_gmail_com_application_default_credentials.json
[debug] [2024-02-19T10:51:05.166Z] Setting GAC to C:\Users\Property\AppData\Roaming\firebase\timboywa1_gmail_com_application_default_credentials.json {"metadata":{"emulator":{"name":"functions"},"message":"Setting GAC to C:\\Users\\Property\\AppData\\Roaming\\firebase\\timboywa1_gmail_com_application_default_credentials.json"}}
[debug] [2024-02-19T10:51:05.167Z] > refreshing access token with scopes: []
[debug] [2024-02-19T10:51:05.169Z] >>> [apiv2][query] POST https://www.googleapis.com/oauth2/v3/token [none]
[debug] [2024-02-19T10:51:05.169Z] >>> [apiv2][body] POST https://www.googleapis.com/oauth2/v3/token [omitted]
[debug] [2024-02-19T10:51:05.303Z] <<< [apiv2][status] POST https://www.googleapis.com/oauth2/v3/token 200
[debug] [2024-02-19T10:51:05.303Z] <<< [apiv2][body] POST https://www.googleapis.com/oauth2/v3/token [omitted]
[debug] [2024-02-19T10:51:05.313Z] >>> [apiv2][query] GET https://firebase.googleapis.com/v1beta1/projects/mealstogo-877b3/adminSdkConfig [none]
[debug] [2024-02-19T10:51:05.531Z] <<< [apiv2][status] GET https://firebase.googleapis.com/v1beta1/projects/mealstogo-877b3/adminSdkConfig 200
[debug] [2024-02-19T10:51:05.531Z] <<< [apiv2][body] GET https://firebase.googleapis.com/v1beta1/projects/mealstogo-877b3/adminSdkConfig {"projectId":"mealstogo-877b3","storageBucket":"mealstogo-877b3.appspot.com"}
[debug] [2024-02-19T10:51:05.549Z] Ignoring unsupported arg: auto_download {"metadata":{"emulator":{"name":"ui"},"message":"Ignoring unsupported arg: auto_download"}}
[debug] [2024-02-19T10:51:05.549Z] Ignoring unsupported arg: port {"metadata":{"emulator":{"name":"ui"},"message":"Ignoring unsupported arg: port"}}
[debug] [2024-02-19T10:51:05.550Z] Starting Emulator UI with command {"binary":"node","args":["C:\\Users\\Property\\.cache\\firebase\\emulators\\ui-v1.11.7\\server\\server.js"],"optionalArgs":[],"joinArgs":false} {"metadata":{"emulator":{"name":"ui"},"message":"Starting Emulator UI with command {\"binary\":\"node\",\"args\":[\"C:\\\\Users\\\\Property\\\\.cache\\\\firebase\\\\emulators\\\\ui-v1.11.7\\\\server\\\\server.js\"],\"optionalArgs\":[],\"joinArgs\":false}"}}
[info] i  ui: Emulator UI logging to ui-debug.log {"metadata":{"emulator":{"name":"ui"},"message":"Emulator UI logging to \u001b[1mui-debug.log\u001b[22m"}}
[debug] [2024-02-19T10:51:05.692Z] Web / API server started at 127.0.0.1:4000
 {"metadata":{"emulator":{"name":"ui"},"message":"Web / API server started at 127.0.0.1:4000\n"}}
[debug] [2024-02-19T10:51:05.692Z] Web / API server started at ::1:4000
 {"metadata":{"emulator":{"name":"ui"},"message":"Web / API server started at ::1:4000\n"}}
[info] i  functions: Watching "C:\Users\Property\Documents\cmdl\github\MealsToGo\functions" for Cloud Functions... {"metadata":{"emulator":{"name":"functions"},"message":"Watching \"C:\\Users\\Property\\Documents\\cmdl\\github\\MealsToGo\\functions\" for Cloud Functions..."}}
[debug] [2024-02-19T10:51:05.838Z] Validating nodejs source
[debug] [2024-02-19T10:51:07.401Z] > [functions] package.json contents: {
  "name": "functions",
  "description": "Cloud Functions for Firebase",
  "scripts": {
    "serve": "firebase emulators:start --only functions",
    "shell": "firebase functions:shell",
    "start": "npm run shell",
    "deploy": "firebase deploy --only functions",
    "logs": "firebase functions:log"
  },
  "engines": {
    "node": "20"
  },
  "main": "index.js",
  "dependencies": {
    "@googlemaps/google-maps-services-js": "^3.3.42",
    "firebase-admin": "^11.8.0",
    "firebase-functions": "^4.3.1"
  },
  "devDependencies": {
    "firebase-functions-test": "^3.1.0"
  },
  "private": true
}
[debug] [2024-02-19T10:51:07.401Z] Building nodejs source
[debug] [2024-02-19T10:51:07.401Z] Failed to find version of module node: reached end of search path C:\Users\Property\Documents\cmdl\github\MealsToGo\functions\node_modules
[info] +  functions: Using node@20 from host. 
[debug] [2024-02-19T10:51:07.403Z] Could not find functions.yaml. Must use http discovery
[debug] [2024-02-19T10:51:07.409Z] Found firebase-functions binary at 'C:\Users\Property\Documents\cmdl\github\MealsToGo\functions\node_modules\.bin\firebase-functions'
[info] Serving at port 8725

[debug] [2024-02-19T10:51:07.944Z] Got response from /__/functions.yaml {"endpoints":{"geocode":{"platform":"gcfv1","availableMemoryMb":null,"timeoutSeconds":null,"minInstances":null,"maxInstances":null,"ingressSettings":null,"serviceAccountEmail":null,"vpc":null,"httpsTrigger":{},"entryPoint":"geocode"},"placesNearby":{"platform":"gcfv1","availableMemoryMb":null,"timeoutSeconds":null,"minInstances":null,"maxInstances":null,"ingressSettings":null,"serviceAccountEmail":null,"vpc":null,"httpsTrigger":{},"entryPoint":"placesNearby"}},"specVersion":"v1alpha1","requiredAPIs":[]}
[info] +  functions: Loaded functions definitions from source: geocode, placesNearby. {"metadata":{"emulator":{"name":"functions"},"message":"Loaded functions definitions from source: geocode, placesNearby."}}
[info] +  functions[us-central1-geocode]: http function initialized (http://127.0.0.1:5001/mealstogo-877b3/us-central1/geocode). {"metadata":{"emulator":{"name":"functions"},"message":"\u001b[1mhttp\u001b[22m function initialized (http://127.0.0.1:5001/mealstogo-877b3/us-central1/geocode)."}}
[info] +  functions[us-central1-placesNearby]: http function initialized (http://127.0.0.1:5001/mealstogo-877b3/us-central1/placesNearby). {"metadata":{"emulator":{"name":"functions"},"message":"\u001b[1mhttp\u001b[22m function initialized (http://127.0.0.1:5001/mealstogo-877b3/us-central1/placesNearby)."}}
[info] 
┌─────────────────────────────────────────────────────────────┐
│ ✔  All emulators ready! It is now safe to connect your app. │
│ i  View Emulator UI at http://127.0.0.1:4000/               │
└─────────────────────────────────────────────────────────────┘

┌───────────┬────────────────┬─────────────────────────────────┐
│ Emulator  │ Host:Port      │ View in Emulator UI             │
├───────────┼────────────────┼─────────────────────────────────┤
│ Functions │ 127.0.0.1:5001 │ http://127.0.0.1:4000/functions │
└───────────┴────────────────┴─────────────────────────────────┘
  Emulator Hub running at 127.0.0.1:4400
  Other reserved ports: 4500

Issues? Report them at https://github.com/firebase/firebase-tools/issues and attach the *-debug.log files.
 
[debug] [2024-02-19T10:51:32.549Z] [work-queue] {"queuedWork":["/mealstogo-877b3/us-central1/geocode-2024-02-19T10:51:32.549Z"],"queueLength":1,"runningWork":[],"workRunningCount":0}
[debug] [2024-02-19T10:51:32.549Z] [work-queue] {"queuedWork":[],"queueLength":0,"runningWork":["/mealstogo-877b3/us-central1/geocode-2024-02-19T10:51:32.549Z"],"workRunningCount":1}
[debug] [2024-02-19T10:51:32.549Z] Accepted request GET /mealstogo-877b3/us-central1/geocode?city=nairobi&mock=false --> us-central1-geocode
[debug] [2024-02-19T10:51:32.550Z] [functions] Runtime ready! Sending request! {"metadata":{"emulator":{"name":"functions"},"message":"[functions] Runtime ready! Sending request!"}}
[debug] [2024-02-19T10:51:32.550Z] [functions] Got req.url=/mealstogo-877b3/us-central1/geocode?city=nairobi&mock=false, mapping to path=/?city=nairobi&mock=false {"metadata":{"emulator":{"name":"functions"},"message":"[functions] Got req.url=/mealstogo-877b3/us-central1/geocode?city=nairobi&mock=false, mapping to path=/?city=nairobi&mock=false"}}
[debug] [2024-02-19T10:51:32.563Z] [worker-pool] addWorker(us-central1-geocode) {"metadata":{"emulator":{"name":"functions"},"message":"[worker-pool] addWorker(us-central1-geocode)"}}
[debug] [2024-02-19T10:51:32.563Z] [worker-pool] Adding worker with key us-central1-geocode, total=1 {"metadata":{"emulator":{"name":"functions"},"message":"[worker-pool] Adding worker with key us-central1-geocode, total=1"}}
[debug] [2024-02-19T10:51:33.683Z] [runtime-status] [24768] Resolved module firebase-admin {"declared":true,"installed":true,"version":"11.11.1","resolution":"C:\\Users\\Property\\Documents\\cmdl\\github\\MealsToGo\\functions\\node_modules\\firebase-admin\\lib\\index.js"} {"metadata":{"emulator":{"name":"functions"},"function":{"name":"us-central1-geocode"},"extension":{},"message":"[runtime-status] [24768] Resolved module firebase-admin {\"declared\":true,\"installed\":true,\"version\":\"11.11.1\",\"resolution\":\"C:\\\\Users\\\\Property\\\\Documents\\\\cmdl\\\\github\\\\MealsToGo\\\\functions\\\\node_modules\\\\firebase-admin\\\\lib\\\\index.js\"}"}}
[debug] [2024-02-19T10:51:33.684Z] [runtime-status] [24768] Resolved module firebase-functions {"declared":true,"installed":true,"version":"4.7.0","resolution":"C:\\Users\\Property\\Documents\\cmdl\\github\\MealsToGo\\functions\\node_modules\\firebase-functions\\lib\\v1\\index.js"} {"metadata":{"emulator":{"name":"functions"},"function":{"name":"us-central1-geocode"},"extension":{},"message":"[runtime-status] [24768] Resolved module firebase-functions {\"declared\":true,\"installed\":true,\"version\":\"4.7.0\",\"resolution\":\"C:\\\\Users\\\\Property\\\\Documents\\\\cmdl\\\\github\\\\MealsToGo\\\\functions\\\\node_modules\\\\firebase-functions\\\\lib\\\\v1\\\\index.js\"}"}}
[warn] !  Found .runtimeconfig.json but the JSON format is invalid. {"metadata":{"emulator":{"name":"functions"},"function":{"name":"us-central1-geocode"},"extension":{},"message":"Found .runtimeconfig.json but the JSON format is invalid."}}
[debug] [2024-02-19T10:51:33.685Z] [runtime-status] [24768] Outgoing network have been stubbed. [{"name":"http","status":"mocked"},{"name":"http","status":"mocked"},{"name":"https","status":"mocked"},{"name":"https","status":"mocked"},{"name":"net","status":"mocked"}] {"metadata":{"emulator":{"name":"functions"},"function":{"name":"us-central1-geocode"},"extension":{},"message":"[runtime-status] [24768] Outgoing network have been stubbed. [{\"name\":\"http\",\"status\":\"mocked\"},{\"name\":\"http\",\"status\":\"mocked\"},{\"name\":\"https\",\"status\":\"mocked\"},{\"name\":\"https\",\"status\":\"mocked\"},{\"name\":\"net\",\"status\":\"mocked\"}]"}}
[debug] [2024-02-19T10:51:33.685Z] [runtime-status] [24768] Resolved module firebase-functions {"declared":true,"installed":true,"version":"4.7.0","resolution":"C:\\Users\\Property\\Documents\\cmdl\\github\\MealsToGo\\functions\\node_modules\\firebase-functions\\lib\\v1\\index.js"} {"metadata":{"emulator":{"name":"functions"},"function":{"name":"us-central1-geocode"},"extension":{},"message":"[runtime-status] [24768] Resolved module firebase-functions {\"declared\":true,\"installed\":true,\"version\":\"4.7.0\",\"resolution\":\"C:\\\\Users\\\\Property\\\\Documents\\\\cmdl\\\\github\\\\MealsToGo\\\\functions\\\\node_modules\\\\firebase-functions\\\\lib\\\\v1\\\\index.js\"}"}}
[debug] [2024-02-19T10:51:33.969Z] [runtime-status] [24768] Checked functions.config() {"config":{}} {"metadata":{"emulator":{"name":"functions"},"function":{"name":"us-central1-geocode"},"extension":{},"message":"[runtime-status] [24768] Checked functions.config() {\"config\":{}}"}}
[debug] [2024-02-19T10:51:33.969Z] [runtime-status] [24768] firebase-functions has been stubbed. {"functionsResolution":{"declared":true,"installed":true,"version":"4.7.0","resolution":"C:\\Users\\Property\\Documents\\cmdl\\github\\MealsToGo\\functions\\node_modules\\firebase-functions\\lib\\v1\\index.js"}} {"metadata":{"emulator":{"name":"functions"},"function":{"name":"us-central1-geocode"},"extension":{},"message":"[runtime-status] [24768] firebase-functions has been stubbed. {\"functionsResolution\":{\"declared\":true,\"installed\":true,\"version\":\"4.7.0\",\"resolution\":\"C:\\\\Users\\\\Property\\\\Documents\\\\cmdl\\\\github\\\\MealsToGo\\\\functions\\\\node_modules\\\\firebase-functions\\\\lib\\\\v1\\\\index.js\"}}"}}
[debug] [2024-02-19T10:51:33.970Z] [runtime-status] [24768] Resolved module firebase-functions {"declared":true,"installed":true,"version":"4.7.0","resolution":"C:\\Users\\Property\\Documents\\cmdl\\github\\MealsToGo\\functions\\node_modules\\firebase-functions\\lib\\v1\\index.js"} {"metadata":{"emulator":{"name":"functions"},"function":{"name":"us-central1-geocode"},"extension":{},"message":"[runtime-status] [24768] Resolved module firebase-functions {\"declared\":true,\"installed\":true,\"version\":\"4.7.0\",\"resolution\":\"C:\\\\Users\\\\Property\\\\Documents\\\\cmdl\\\\github\\\\MealsToGo\\\\functions\\\\node_modules\\\\firebase-functions\\\\lib\\\\v1\\\\index.js\"}"}}
[debug] [2024-02-19T10:51:33.971Z] [runtime-status] [24768] Resolved module firebase-admin {"declared":true,"installed":true,"version":"11.11.1","resolution":"C:\\Users\\Property\\Documents\\cmdl\\github\\MealsToGo\\functions\\node_modules\\firebase-admin\\lib\\index.js"} {"metadata":{"emulator":{"name":"functions"},"function":{"name":"us-central1-geocode"},"extension":{},"message":"[runtime-status] [24768] Resolved module firebase-admin {\"declared\":true,\"installed\":true,\"version\":\"11.11.1\",\"resolution\":\"C:\\\\Users\\\\Property\\\\Documents\\\\cmdl\\\\github\\\\MealsToGo\\\\functions\\\\node_modules\\\\firebase-admin\\\\lib\\\\index.js\"}"}}
[debug] [2024-02-19T10:51:33.974Z] [runtime-status] [24768] Resolved module firebase-functions {"declared":true,"installed":true,"version":"4.7.0","resolution":"C:\\Users\\Property\\Documents\\cmdl\\github\\MealsToGo\\functions\\node_modules\\firebase-functions\\lib\\v1\\index.js"} {"metadata":{"emulator":{"name":"functions"},"function":{"name":"us-central1-geocode"},"extension":{},"message":"[runtime-status] [24768] Resolved module firebase-functions {\"declared\":true,\"installed\":true,\"version\":\"4.7.0\",\"resolution\":\"C:\\\\Users\\\\Property\\\\Documents\\\\cmdl\\\\github\\\\MealsToGo\\\\functions\\\\node_modules\\\\firebase-functions\\\\lib\\\\v1\\\\index.js\"}"}}
[debug] [2024-02-19T10:51:33.975Z] [runtime-status] [24768] firebase-admin has been stubbed. {"adminResolution":{"declared":true,"installed":true,"version":"11.11.1","resolution":"C:\\Users\\Property\\Documents\\cmdl\\github\\MealsToGo\\functions\\node_modules\\firebase-admin\\lib\\index.js"}} {"metadata":{"emulator":{"name":"functions"},"function":{"name":"us-central1-geocode"},"extension":{},"message":"[runtime-status] [24768] firebase-admin has been stubbed. {\"adminResolution\":{\"declared\":true,\"installed\":true,\"version\":\"11.11.1\",\"resolution\":\"C:\\\\Users\\\\Property\\\\Documents\\\\cmdl\\\\github\\\\MealsToGo\\\\functions\\\\node_modules\\\\firebase-admin\\\\lib\\\\index.js\"}}"}}
[debug] [2024-02-19T10:51:34.057Z] [runtime-status] [24768] Functions runtime initialized. {"cwd":"C:\\Users\\Property\\Documents\\cmdl\\github\\MealsToGo\\functions","node_version":"20.10.0"} {"metadata":{"emulator":{"name":"functions"},"function":{"name":"us-central1-geocode"},"extension":{},"message":"[runtime-status] [24768] Functions runtime initialized. {\"cwd\":\"C:\\\\Users\\\\Property\\\\Documents\\\\cmdl\\\\github\\\\MealsToGo\\\\functions\",\"node_version\":\"20.10.0\"}"}}
[debug] [2024-02-19T10:51:34.059Z] [runtime-status] [24768] Listening to port: \\?\pipe\fire_emu_26a52bb215ee7818 {"metadata":{"emulator":{"name":"functions"},"function":{"name":"us-central1-geocode"},"extension":{},"message":"[runtime-status] [24768] Listening to port: \\\\?\\pipe\\fire_emu_26a52bb215ee7818"}}
[debug] [2024-02-19T10:51:34.084Z] [worker-us-central1-geocode-d14b2bfa-6a88-4fd3-abf7-2b608d45c8cb]: IDLE {"metadata":{"emulator":{"name":"functions"},"function":{"name":"us-central1-geocode"},"extension":{},"message":"[worker-us-central1-geocode-d14b2bfa-6a88-4fd3-abf7-2b608d45c8cb]: IDLE"}}
[debug] [2024-02-19T10:51:34.084Z] [worker-pool] submitRequest(triggerId=us-central1-geocode) {"metadata":{"emulator":{"name":"functions"},"message":"[worker-pool] submitRequest(triggerId=us-central1-geocode)"}}
[info] i  functions: Beginning execution of "us-central1-geocode" {"metadata":{"emulator":{"name":"functions"},"function":{"name":"us-central1-geocode"},"extension":{},"message":"Beginning execution of \"us-central1-geocode\""}}
[debug] [2024-02-19T10:51:34.085Z] [worker-us-central1-geocode-d14b2bfa-6a88-4fd3-abf7-2b608d45c8cb]: BUSY {"metadata":{"emulator":{"name":"functions"},"function":{"name":"us-central1-geocode"},"extension":{},"message":"[worker-us-central1-geocode-d14b2bfa-6a88-4fd3-abf7-2b608d45c8cb]: BUSY"}}
[warn] !  It looks like you're trying to access functions.config().google but there is no value there. You can learn more about setting up config here: https://firebase.google.com/docs/functions/local-emulator {"metadata":{"emulator":{"name":"functions"},"function":{"name":"us-central1-geocode"},"extension":{},"message":"It looks like you're trying to access functions.config().google but there is no value there. You can learn more about setting up config here: https://firebase.google.com/docs/functions/local-emulator"}}
[warn] !  functions: TypeError: Cannot read properties of undefined (reading 'key')
    at module.exports.geocodeRequest (C:\Users\Property\Documents\cmdl\github\MealsToGo\functions\geocode\index.js:16:39)
    at C:\Users\Property\Documents\cmdl\github\MealsToGo\functions\index.js:21:3
    at cloudFunction (C:\Users\Property\Documents\cmdl\github\MealsToGo\functions\node_modules\firebase-functions\lib\v1\providers\https.js:51:16)
    at C:\Users\Property\AppData\Roaming\npm\node_modules\firebase-tools\lib\emulator\functionsEmulatorRuntime.js:532:16
    at runFunction (C:\Users\Property\AppData\Roaming\npm\node_modules\firebase-tools\lib\emulator\functionsEmulatorRuntime.js:506:15)
    at runHTTPS (C:\Users\Property\AppData\Roaming\npm\node_modules\firebase-tools\lib\emulator\functionsEmulatorRuntime.js:531:11)
    at C:\Users\Property\AppData\Roaming\npm\node_modules\firebase-tools\lib\emulator\functionsEmulatorRuntime.js:694:27
    at Layer.handle [as handle_request] (C:\Users\Property\AppData\Roaming\npm\node_modules\firebase-tools\node_modules\express\lib\router\layer.js:95:5)
    at next (C:\Users\Property\AppData\Roaming\npm\node_modules\firebase-tools\node_modules\express\lib\router\route.js:144:13)
    at next (C:\Users\Property\AppData\Roaming\npm\node_modules\firebase-tools\node_modules\express\lib\router\route.js:140:7) {"metadata":{"emulator":{"name":"functions"},"function":{"name":"us-central1-geocode"},"extension":{},"message":"TypeError: Cannot read properties of undefined (reading 'key')\n    at module.exports.geocodeRequest (C:\\Users\\Property\\Documents\\cmdl\\github\\MealsToGo\\functions\\geocode\\index.js:16:39)\n    at C:\\Users\\Property\\Documents\\cmdl\\github\\MealsToGo\\functions\\index.js:21:3\n    at cloudFunction (C:\\Users\\Property\\Documents\\cmdl\\github\\MealsToGo\\functions\\node_modules\\firebase-functions\\lib\\v1\\providers\\https.js:51:16)\n    at C:\\Users\\Property\\AppData\\Roaming\\npm\\node_modules\\firebase-tools\\lib\\emulator\\functionsEmulatorRuntime.js:532:16\n    at runFunction (C:\\Users\\Property\\AppData\\Roaming\\npm\\node_modules\\firebase-tools\\lib\\emulator\\functionsEmulatorRuntime.js:506:15)\n    at runHTTPS (C:\\Users\\Property\\AppData\\Roaming\\npm\\node_modules\\firebase-tools\\lib\\emulator\\functionsEmulatorRuntime.js:531:11)\n    at C:\\Users\\Property\\AppData\\Roaming\\npm\\node_modules\\firebase-tools\\lib\\emulator\\functionsEmulatorRuntime.js:694:27\n    at Layer.handle [as handle_request] (C:\\Users\\Property\\AppData\\Roaming\\npm\\node_modules\\firebase-tools\\node_modules\\express\\lib\\router\\layer.js:95:5)\n    at next (C:\\Users\\Property\\AppData\\Roaming\\npm\\node_modules\\firebase-tools\\node_modules\\express\\lib\\router\\route.js:144:13)\n    at next (C:\\Users\\Property\\AppData\\Roaming\\npm\\node_modules\\firebase-tools\\node_modules\\express\\lib\\router\\route.js:140:7)"}}
[warn] !  Your function was killed because it raised an unhandled error. {"metadata":{"emulator":{"name":"functions"},"function":{"name":"us-central1-geocode"},"extension":{},"message":"Your function was killed because it raised an unhandled error."}}
[debug] [2024-02-19T10:51:34.097Z] Finishing up request with event=pause {"metadata":{"emulator":{"name":"functions"},"function":{"name":"us-central1-geocode"},"extension":{},"message":"Finishing up request with event=pause"}}
[info] i  functions: Finished "us-central1-geocode" in 12.4959ms {"metadata":{"emulator":{"name":"functions"},"function":{"name":"us-central1-geocode"},"extension":{},"message":"Finished \"us-central1-geocode\" in 12.4959ms"}}
[debug] [2024-02-19T10:51:34.098Z] [worker-us-central1-geocode-d14b2bfa-6a88-4fd3-abf7-2b608d45c8cb]: IDLE {"metadata":{"emulator":{"name":"functions"},"function":{"name":"us-central1-geocode"},"extension":{},"message":"[worker-us-central1-geocode-d14b2bfa-6a88-4fd3-abf7-2b608d45c8cb]: IDLE"}}
[debug] [2024-02-19T10:51:34.098Z] Finishing up request with event=finish {"metadata":{"emulator":{"name":"functions"},"function":{"name":"us-central1-geocode"},"extension":{},"message":"Finishing up request with event=finish"}}
[debug] [2024-02-19T10:51:34.098Z] Finishing up request with event=close {"metadata":{"emulator":{"name":"functions"},"function":{"name":"us-central1-geocode"},"extension":{},"message":"Finishing up request with event=close"}}
[debug] [2024-02-19T10:51:34.099Z] [work-queue] {"queuedWork":[],"queueLength":0,"runningWork":[],"workRunningCount":0}
[debug] [2024-02-19T10:51:34.115Z] [worker-us-central1-geocode-d14b2bfa-6a88-4fd3-abf7-2b608d45c8cb]: exited {"metadata":{"emulator":{"name":"functions"},"function":{"name":"us-central1-geocode"},"extension":{},"message":"[worker-us-central1-geocode-d14b2bfa-6a88-4fd3-abf7-2b608d45c8cb]: exited"}}
[debug] [2024-02-19T10:51:34.115Z] [worker-us-central1-geocode-d14b2bfa-6a88-4fd3-abf7-2b608d45c8cb]: FINISHED {"metadata":{"emulator":{"name":"functions"},"function":{"name":"us-central1-geocode"},"extension":{},"message":"[worker-us-central1-geocode-d14b2bfa-6a88-4fd3-abf7-2b608d45c8cb]: FINISHED"}}
[debug] [2024-02-19T11:05:37.813Z] [work-queue] {"queuedWork":["/mealstogo-877b3/us-central1/geocode-2024-02-19T11:05:37.813Z"],"queueLength":1,"runningWork":[],"workRunningCount":0}
[debug] [2024-02-19T11:05:37.813Z] [work-queue] {"queuedWork":[],"queueLength":0,"runningWork":["/mealstogo-877b3/us-central1/geocode-2024-02-19T11:05:37.813Z"],"workRunningCount":1}
[debug] [2024-02-19T11:05:37.813Z] Accepted request GET /mealstogo-877b3/us-central1/geocode?city=nairobi&mock=false --> us-central1-geocode
[debug] [2024-02-19T11:05:37.814Z] [functions] Runtime ready! Sending request! {"metadata":{"emulator":{"name":"functions"},"message":"[functions] Runtime ready! Sending request!"}}
[debug] [2024-02-19T11:05:37.814Z] [functions] Got req.url=/mealstogo-877b3/us-central1/geocode?city=nairobi&mock=false, mapping to path=/?city=nairobi&mock=false {"metadata":{"emulator":{"name":"functions"},"message":"[functions] Got req.url=/mealstogo-877b3/us-central1/geocode?city=nairobi&mock=false, mapping to path=/?city=nairobi&mock=false"}}
[debug] [2024-02-19T11:05:37.814Z] [worker-pool] Cleaned up workers for us-central1-geocode: 1 --> 0 {"metadata":{"emulator":{"name":"functions"},"message":"[worker-pool] Cleaned up workers for us-central1-geocode: 1 --> 0"}}
[debug] [2024-02-19T11:05:37.828Z] [worker-pool] addWorker(us-central1-geocode) {"metadata":{"emulator":{"name":"functions"},"message":"[worker-pool] addWorker(us-central1-geocode)"}}
[debug] [2024-02-19T11:05:37.828Z] [worker-pool] Adding worker with key us-central1-geocode, total=1 {"metadata":{"emulator":{"name":"functions"},"message":"[worker-pool] Adding worker with key us-central1-geocode, total=1"}}
[debug] [2024-02-19T11:05:39.355Z] [runtime-status] [8012] Resolved module firebase-admin {"declared":true,"installed":true,"version":"11.11.1","resolution":"C:\\Users\\Property\\Documents\\cmdl\\github\\MealsToGo\\functions\\node_modules\\firebase-admin\\lib\\index.js"} {"metadata":{"emulator":{"name":"functions"},"function":{"name":"us-central1-geocode"},"extension":{},"message":"[runtime-status] [8012] Resolved module firebase-admin {\"declared\":true,\"installed\":true,\"version\":\"11.11.1\",\"resolution\":\"C:\\\\Users\\\\Property\\\\Documents\\\\cmdl\\\\github\\\\MealsToGo\\\\functions\\\\node_modules\\\\firebase-admin\\\\lib\\\\index.js\"}"}}
[debug] [2024-02-19T11:05:39.357Z] [runtime-status] [8012] Resolved module firebase-functions {"declared":true,"installed":true,"version":"4.7.0","resolution":"C:\\Users\\Property\\Documents\\cmdl\\github\\MealsToGo\\functions\\node_modules\\firebase-functions\\lib\\v1\\index.js"} {"metadata":{"emulator":{"name":"functions"},"function":{"name":"us-central1-geocode"},"extension":{},"message":"[runtime-status] [8012] Resolved module firebase-functions {\"declared\":true,\"installed\":true,\"version\":\"4.7.0\",\"resolution\":\"C:\\\\Users\\\\Property\\\\Documents\\\\cmdl\\\\github\\\\MealsToGo\\\\functions\\\\node_modules\\\\firebase-functions\\\\lib\\\\v1\\\\index.js\"}"}}
[warn] !  Found .runtimeconfig.json but the JSON format is invalid. {"metadata":{"emulator":{"name":"functions"},"function":{"name":"us-central1-geocode"},"extension":{},"message":"Found .runtimeconfig.json but the JSON format is invalid."}}
[debug] [2024-02-19T11:05:39.357Z] [runtime-status] [8012] Outgoing network have been stubbed. [{"name":"http","status":"mocked"},{"name":"http","status":"mocked"},{"name":"https","status":"mocked"},{"name":"https","status":"mocked"},{"name":"net","status":"mocked"}] {"metadata":{"emulator":{"name":"functions"},"function":{"name":"us-central1-geocode"},"extension":{},"message":"[runtime-status] [8012] Outgoing network have been stubbed. [{\"name\":\"http\",\"status\":\"mocked\"},{\"name\":\"http\",\"status\":\"mocked\"},{\"name\":\"https\",\"status\":\"mocked\"},{\"name\":\"https\",\"status\":\"mocked\"},{\"name\":\"net\",\"status\":\"mocked\"}]"}}
[debug] [2024-02-19T11:05:39.358Z] [runtime-status] [8012] Resolved module firebase-functions {"declared":true,"installed":true,"version":"4.7.0","resolution":"C:\\Users\\Property\\Documents\\cmdl\\github\\MealsToGo\\functions\\node_modules\\firebase-functions\\lib\\v1\\index.js"} {"metadata":{"emulator":{"name":"functions"},"function":{"name":"us-central1-geocode"},"extension":{},"message":"[runtime-status] [8012] Resolved module firebase-functions {\"declared\":true,\"installed\":true,\"version\":\"4.7.0\",\"resolution\":\"C:\\\\Users\\\\Property\\\\Documents\\\\cmdl\\\\github\\\\MealsToGo\\\\functions\\\\node_modules\\\\firebase-functions\\\\lib\\\\v1\\\\index.js\"}"}}
[debug] [2024-02-19T11:05:39.691Z] [runtime-status] [8012] Checked functions.config() {"config":{}} {"metadata":{"emulator":{"name":"functions"},"function":{"name":"us-central1-geocode"},"extension":{},"message":"[runtime-status] [8012] Checked functions.config() {\"config\":{}}"}}
[debug] [2024-02-19T11:05:39.691Z] [runtime-status] [8012] firebase-functions has been stubbed. {"functionsResolution":{"declared":true,"installed":true,"version":"4.7.0","resolution":"C:\\Users\\Property\\Documents\\cmdl\\github\\MealsToGo\\functions\\node_modules\\firebase-functions\\lib\\v1\\index.js"}} {"metadata":{"emulator":{"name":"functions"},"function":{"name":"us-central1-geocode"},"extension":{},"message":"[runtime-status] [8012] firebase-functions has been stubbed. {\"functionsResolution\":{\"declared\":true,\"installed\":true,\"version\":\"4.7.0\",\"resolution\":\"C:\\\\Users\\\\Property\\\\Documents\\\\cmdl\\\\github\\\\MealsToGo\\\\functions\\\\node_modules\\\\firebase-functions\\\\lib\\\\v1\\\\index.js\"}}"}}
[debug] [2024-02-19T11:05:39.691Z] [runtime-status] [8012] Resolved module firebase-functions {"declared":true,"installed":true,"version":"4.7.0","resolution":"C:\\Users\\Property\\Documents\\cmdl\\github\\MealsToGo\\functions\\node_modules\\firebase-functions\\lib\\v1\\index.js"} {"metadata":{"emulator":{"name":"functions"},"function":{"name":"us-central1-geocode"},"extension":{},"message":"[runtime-status] [8012] Resolved module firebase-functions {\"declared\":true,\"installed\":true,\"version\":\"4.7.0\",\"resolution\":\"C:\\\\Users\\\\Property\\\\Documents\\\\cmdl\\\\github\\\\MealsToGo\\\\functions\\\\node_modules\\\\firebase-functions\\\\lib\\\\v1\\\\index.js\"}"}}
[debug] [2024-02-19T11:05:39.692Z] [runtime-status] [8012] Resolved module firebase-admin {"declared":true,"installed":true,"version":"11.11.1","resolution":"C:\\Users\\Property\\Documents\\cmdl\\github\\MealsToGo\\functions\\node_modules\\firebase-admin\\lib\\index.js"} {"metadata":{"emulator":{"name":"functions"},"function":{"name":"us-central1-geocode"},"extension":{},"message":"[runtime-status] [8012] Resolved module firebase-admin {\"declared\":true,\"installed\":true,\"version\":\"11.11.1\",\"resolution\":\"C:\\\\Users\\\\Property\\\\Documents\\\\cmdl\\\\github\\\\MealsToGo\\\\functions\\\\node_modules\\\\firebase-admin\\\\lib\\\\index.js\"}"}}
[debug] [2024-02-19T11:05:39.695Z] [runtime-status] [8012] Resolved module firebase-functions {"declared":true,"installed":true,"version":"4.7.0","resolution":"C:\\Users\\Property\\Documents\\cmdl\\github\\MealsToGo\\functions\\node_modules\\firebase-functions\\lib\\v1\\index.js"} {"metadata":{"emulator":{"name":"functions"},"function":{"name":"us-central1-geocode"},"extension":{},"message":"[runtime-status] [8012] Resolved module firebase-functions {\"declared\":true,\"installed\":true,\"version\":\"4.7.0\",\"resolution\":\"C:\\\\Users\\\\Property\\\\Documents\\\\cmdl\\\\github\\\\MealsToGo\\\\functions\\\\node_modules\\\\firebase-functions\\\\lib\\\\v1\\\\index.js\"}"}}
[debug] [2024-02-19T11:05:39.695Z] [runtime-status] [8012] firebase-admin has been stubbed. {"adminResolution":{"declared":true,"installed":true,"version":"11.11.1","resolution":"C:\\Users\\Property\\Documents\\cmdl\\github\\MealsToGo\\functions\\node_modules\\firebase-admin\\lib\\index.js"}} {"metadata":{"emulator":{"name":"functions"},"function":{"name":"us-central1-geocode"},"extension":{},"message":"[runtime-status] [8012] firebase-admin has been stubbed. {\"adminResolution\":{\"declared\":true,\"installed\":true,\"version\":\"11.11.1\",\"resolution\":\"C:\\\\Users\\\\Property\\\\Documents\\\\cmdl\\\\github\\\\MealsToGo\\\\functions\\\\node_modules\\\\firebase-admin\\\\lib\\\\index.js\"}}"}}
[debug] [2024-02-19T11:05:39.784Z] [runtime-status] [8012] Functions runtime initialized. {"cwd":"C:\\Users\\Property\\Documents\\cmdl\\github\\MealsToGo\\functions","node_version":"20.10.0"} {"metadata":{"emulator":{"name":"functions"},"function":{"name":"us-central1-geocode"},"extension":{},"message":"[runtime-status] [8012] Functions runtime initialized. {\"cwd\":\"C:\\\\Users\\\\Property\\\\Documents\\\\cmdl\\\\github\\\\MealsToGo\\\\functions\",\"node_version\":\"20.10.0\"}"}}
[debug] [2024-02-19T11:05:39.787Z] [runtime-status] [8012] Listening to port: \\?\pipe\fire_emu_ac06ec9e5ae9d2d9 {"metadata":{"emulator":{"name":"functions"},"function":{"name":"us-central1-geocode"},"extension":{},"message":"[runtime-status] [8012] Listening to port: \\\\?\\pipe\\fire_emu_ac06ec9e5ae9d2d9"}}
[debug] [2024-02-19T11:05:39.898Z] [worker-us-central1-geocode-ac9983dc-d309-43c7-a0b8-ad47faad10d2]: IDLE {"metadata":{"emulator":{"name":"functions"},"function":{"name":"us-central1-geocode"},"extension":{},"message":"[worker-us-central1-geocode-ac9983dc-d309-43c7-a0b8-ad47faad10d2]: IDLE"}}
[debug] [2024-02-19T11:05:39.898Z] [worker-pool] submitRequest(triggerId=us-central1-geocode) {"metadata":{"emulator":{"name":"functions"},"message":"[worker-pool] submitRequest(triggerId=us-central1-geocode)"}}
[info] i  functions: Beginning execution of "us-central1-geocode" {"metadata":{"emulator":{"name":"functions"},"function":{"name":"us-central1-geocode"},"extension":{},"message":"Beginning execution of \"us-central1-geocode\""}}
[debug] [2024-02-19T11:05:39.899Z] [worker-us-central1-geocode-ac9983dc-d309-43c7-a0b8-ad47faad10d2]: BUSY {"metadata":{"emulator":{"name":"functions"},"function":{"name":"us-central1-geocode"},"extension":{},"message":"[worker-us-central1-geocode-ac9983dc-d309-43c7-a0b8-ad47faad10d2]: BUSY"}}
[warn] !  functions: TypeError: Cannot read properties of undefined (reading 'key')
    at module.exports.geocodeRequest (C:\Users\Property\Documents\cmdl\github\MealsToGo\functions\geocode\index.js:16:39)
    at C:\Users\Property\Documents\cmdl\github\MealsToGo\functions\index.js:21:3
    at cloudFunction (C:\Users\Property\Documents\cmdl\github\MealsToGo\functions\node_modules\firebase-functions\lib\v1\providers\https.js:51:16)
    at C:\Users\Property\AppData\Roaming\npm\node_modules\firebase-tools\lib\emulator\functionsEmulatorRuntime.js:532:16
    at runFunction (C:\Users\Property\AppData\Roaming\npm\node_modules\firebase-tools\lib\emulator\functionsEmulatorRuntime.js:506:15)
    at runHTTPS (C:\Users\Property\AppData\Roaming\npm\node_modules\firebase-tools\lib\emulator\functionsEmulatorRuntime.js:531:11)
    at C:\Users\Property\AppData\Roaming\npm\node_modules\firebase-tools\lib\emulator\functionsEmulatorRuntime.js:694:27
    at Layer.handle [as handle_request] (C:\Users\Property\AppData\Roaming\npm\node_modules\firebase-tools\node_modules\express\lib\router\layer.js:95:5)
    at next (C:\Users\Property\AppData\Roaming\npm\node_modules\firebase-tools\node_modules\express\lib\router\route.js:144:13)
    at next (C:\Users\Property\AppData\Roaming\npm\node_modules\firebase-tools\node_modules\express\lib\router\route.js:140:7) {"metadata":{"emulator":{"name":"functions"},"function":{"name":"us-central1-geocode"},"extension":{},"message":"TypeError: Cannot read properties of undefined (reading 'key')\n    at module.exports.geocodeRequest (C:\\Users\\Property\\Documents\\cmdl\\github\\MealsToGo\\functions\\geocode\\index.js:16:39)\n    at C:\\Users\\Property\\Documents\\cmdl\\github\\MealsToGo\\functions\\index.js:21:3\n    at cloudFunction (C:\\Users\\Property\\Documents\\cmdl\\github\\MealsToGo\\functions\\node_modules\\firebase-functions\\lib\\v1\\providers\\https.js:51:16)\n    at C:\\Users\\Property\\AppData\\Roaming\\npm\\node_modules\\firebase-tools\\lib\\emulator\\functionsEmulatorRuntime.js:532:16\n    at runFunction (C:\\Users\\Property\\AppData\\Roaming\\npm\\node_modules\\firebase-tools\\lib\\emulator\\functionsEmulatorRuntime.js:506:15)\n    at runHTTPS (C:\\Users\\Property\\AppData\\Roaming\\npm\\node_modules\\firebase-tools\\lib\\emulator\\functionsEmulatorRuntime.js:531:11)\n    at C:\\Users\\Property\\AppData\\Roaming\\npm\\node_modules\\firebase-tools\\lib\\emulator\\functionsEmulatorRuntime.js:694:27\n    at Layer.handle [as handle_request] (C:\\Users\\Property\\AppData\\Roaming\\npm\\node_modules\\firebase-tools\\node_modules\\express\\lib\\router\\layer.js:95:5)\n    at next (C:\\Users\\Property\\AppData\\Roaming\\npm\\node_modules\\firebase-tools\\node_modules\\express\\lib\\router\\route.js:144:13)\n    at next (C:\\Users\\Property\\AppData\\Roaming\\npm\\node_modules\\firebase-tools\\node_modules\\express\\lib\\router\\route.js:140:7)"}}
[warn] !  Your function was killed because it raised an unhandled error. {"metadata":{"emulator":{"name":"functions"},"function":{"name":"us-central1-geocode"},"extension":{},"message":"Your function was killed because it raised an unhandled error."}}
[debug] [2024-02-19T11:05:39.905Z] Finishing up request with event=pause {"metadata":{"emulator":{"name":"functions"},"function":{"name":"us-central1-geocode"},"extension":{},"message":"Finishing up request with event=pause"}}
[info] i  functions: Finished "us-central1-geocode" in 6.7514ms {"metadata":{"emulator":{"name":"functions"},"function":{"name":"us-central1-geocode"},"extension":{},"message":"Finished \"us-central1-geocode\" in 6.7514ms"}}
[debug] [2024-02-19T11:05:39.907Z] [worker-us-central1-geocode-ac9983dc-d309-43c7-a0b8-ad47faad10d2]: IDLE {"metadata":{"emulator":{"name":"functions"},"function":{"name":"us-central1-geocode"},"extension":{},"message":"[worker-us-central1-geocode-ac9983dc-d309-43c7-a0b8-ad47faad10d2]: IDLE"}}
[debug] [2024-02-19T11:05:39.907Z] Finishing up request with event=finish {"metadata":{"emulator":{"name":"functions"},"function":{"name":"us-central1-geocode"},"extension":{},"message":"Finishing up request with event=finish"}}
[debug] [2024-02-19T11:05:39.907Z] Finishing up request with event=close {"metadata":{"emulator":{"name":"functions"},"function":{"name":"us-central1-geocode"},"extension":{},"message":"Finishing up request with event=close"}}
[debug] [2024-02-19T11:05:39.907Z] [work-queue] {"queuedWork":[],"queueLength":0,"runningWork":[],"workRunningCount":0}
[debug] [2024-02-19T11:05:39.928Z] [worker-us-central1-geocode-ac9983dc-d309-43c7-a0b8-ad47faad10d2]: exited {"metadata":{"emulator":{"name":"functions"},"function":{"name":"us-central1-geocode"},"extension":{},"message":"[worker-us-central1-geocode-ac9983dc-d309-43c7-a0b8-ad47faad10d2]: exited"}}
[debug] [2024-02-19T11:05:39.928Z] [worker-us-central1-geocode-ac9983dc-d309-43c7-a0b8-ad47faad10d2]: FINISHED {"metadata":{"emulator":{"name":"functions"},"function":{"name":"us-central1-geocode"},"extension":{},"message":"[worker-us-central1-geocode-ac9983dc-d309-43c7-a0b8-ad47faad10d2]: FINISHED"}}
[debug] [2024-02-19T11:18:23.118Z] [work-queue] {"queuedWork":["/mealstogo-877b3/us-central1/geocode-2024-02-19T11:18:23.118Z"],"queueLength":1,"runningWork":[],"workRunningCount":0}
[debug] [2024-02-19T11:18:23.118Z] [work-queue] {"queuedWork":[],"queueLength":0,"runningWork":["/mealstogo-877b3/us-central1/geocode-2024-02-19T11:18:23.118Z"],"workRunningCount":1}
[debug] [2024-02-19T11:18:23.118Z] Accepted request GET /mealstogo-877b3/us-central1/geocode?city=nairobi&mock=false --> us-central1-geocode
[debug] [2024-02-19T11:18:23.119Z] [functions] Runtime ready! Sending request! {"metadata":{"emulator":{"name":"functions"},"message":"[functions] Runtime ready! Sending request!"}}
[debug] [2024-02-19T11:18:23.119Z] [functions] Got req.url=/mealstogo-877b3/us-central1/geocode?city=nairobi&mock=false, mapping to path=/?city=nairobi&mock=false {"metadata":{"emulator":{"name":"functions"},"message":"[functions] Got req.url=/mealstogo-877b3/us-central1/geocode?city=nairobi&mock=false, mapping to path=/?city=nairobi&mock=false"}}
[debug] [2024-02-19T11:18:23.119Z] [worker-pool] Cleaned up workers for us-central1-geocode: 1 --> 0 {"metadata":{"emulator":{"name":"functions"},"message":"[worker-pool] Cleaned up workers for us-central1-geocode: 1 --> 0"}}
[debug] [2024-02-19T11:18:23.129Z] [worker-pool] addWorker(us-central1-geocode) {"metadata":{"emulator":{"name":"functions"},"message":"[worker-pool] addWorker(us-central1-geocode)"}}
[debug] [2024-02-19T11:18:23.129Z] [worker-pool] Adding worker with key us-central1-geocode, total=1 {"metadata":{"emulator":{"name":"functions"},"message":"[worker-pool] Adding worker with key us-central1-geocode, total=1"}}
[debug] [2024-02-19T11:18:24.265Z] [runtime-status] [29644] Resolved module firebase-admin {"declared":true,"installed":true,"version":"11.11.1","resolution":"C:\\Users\\Property\\Documents\\cmdl\\github\\MealsToGo\\functions\\node_modules\\firebase-admin\\lib\\index.js"} {"metadata":{"emulator":{"name":"functions"},"function":{"name":"us-central1-geocode"},"extension":{},"message":"[runtime-status] [29644] Resolved module firebase-admin {\"declared\":true,\"installed\":true,\"version\":\"11.11.1\",\"resolution\":\"C:\\\\Users\\\\Property\\\\Documents\\\\cmdl\\\\github\\\\MealsToGo\\\\functions\\\\node_modules\\\\firebase-admin\\\\lib\\\\index.js\"}"}}
[debug] [2024-02-19T11:18:24.267Z] [runtime-status] [29644] Resolved module firebase-functions {"declared":true,"installed":true,"version":"4.7.0","resolution":"C:\\Users\\Property\\Documents\\cmdl\\github\\MealsToGo\\functions\\node_modules\\firebase-functions\\lib\\v1\\index.js"} {"metadata":{"emulator":{"name":"functions"},"function":{"name":"us-central1-geocode"},"extension":{},"message":"[runtime-status] [29644] Resolved module firebase-functions {\"declared\":true,\"installed\":true,\"version\":\"4.7.0\",\"resolution\":\"C:\\\\Users\\\\Property\\\\Documents\\\\cmdl\\\\github\\\\MealsToGo\\\\functions\\\\node_modules\\\\firebase-functions\\\\lib\\\\v1\\\\index.js\"}"}}
[warn] !  Found .runtimeconfig.json but the JSON format is invalid. {"metadata":{"emulator":{"name":"functions"},"function":{"name":"us-central1-geocode"},"extension":{},"message":"Found .runtimeconfig.json but the JSON format is invalid."}}
[debug] [2024-02-19T11:18:24.267Z] [runtime-status] [29644] Outgoing network have been stubbed. [{"name":"http","status":"mocked"},{"name":"http","status":"mocked"},{"name":"https","status":"mocked"},{"name":"https","status":"mocked"},{"name":"net","status":"mocked"}] {"metadata":{"emulator":{"name":"functions"},"function":{"name":"us-central1-geocode"},"extension":{},"message":"[runtime-status] [29644] Outgoing network have been stubbed. [{\"name\":\"http\",\"status\":\"mocked\"},{\"name\":\"http\",\"status\":\"mocked\"},{\"name\":\"https\",\"status\":\"mocked\"},{\"name\":\"https\",\"status\":\"mocked\"},{\"name\":\"net\",\"status\":\"mocked\"}]"}}
[debug] [2024-02-19T11:18:24.268Z] [runtime-status] [29644] Resolved module firebase-functions {"declared":true,"installed":true,"version":"4.7.0","resolution":"C:\\Users\\Property\\Documents\\cmdl\\github\\MealsToGo\\functions\\node_modules\\firebase-functions\\lib\\v1\\index.js"} {"metadata":{"emulator":{"name":"functions"},"function":{"name":"us-central1-geocode"},"extension":{},"message":"[runtime-status] [29644] Resolved module firebase-functions {\"declared\":true,\"installed\":true,\"version\":\"4.7.0\",\"resolution\":\"C:\\\\Users\\\\Property\\\\Documents\\\\cmdl\\\\github\\\\MealsToGo\\\\functions\\\\node_modules\\\\firebase-functions\\\\lib\\\\v1\\\\index.js\"}"}}
[debug] [2024-02-19T11:18:24.507Z] [runtime-status] [29644] Checked functions.config() {"config":{}} {"metadata":{"emulator":{"name":"functions"},"function":{"name":"us-central1-geocode"},"extension":{},"message":"[runtime-status] [29644] Checked functions.config() {\"config\":{}}"}}
[debug] [2024-02-19T11:18:24.507Z] [runtime-status] [29644] firebase-functions has been stubbed. {"functionsResolution":{"declared":true,"installed":true,"version":"4.7.0","resolution":"C:\\Users\\Property\\Documents\\cmdl\\github\\MealsToGo\\functions\\node_modules\\firebase-functions\\lib\\v1\\index.js"}} {"metadata":{"emulator":{"name":"functions"},"function":{"name":"us-central1-geocode"},"extension":{},"message":"[runtime-status] [29644] firebase-functions has been stubbed. {\"functionsResolution\":{\"declared\":true,\"installed\":true,\"version\":\"4.7.0\",\"resolution\":\"C:\\\\Users\\\\Property\\\\Documents\\\\cmdl\\\\github\\\\MealsToGo\\\\functions\\\\node_modules\\\\firebase-functions\\\\lib\\\\v1\\\\index.js\"}}"}}
[debug] [2024-02-19T11:18:24.508Z] [runtime-status] [29644] Resolved module firebase-functions {"declared":true,"installed":true,"version":"4.7.0","resolution":"C:\\Users\\Property\\Documents\\cmdl\\github\\MealsToGo\\functions\\node_modules\\firebase-functions\\lib\\v1\\index.js"} {"metadata":{"emulator":{"name":"functions"},"function":{"name":"us-central1-geocode"},"extension":{},"message":"[runtime-status] [29644] Resolved module firebase-functions {\"declared\":true,\"installed\":true,\"version\":\"4.7.0\",\"resolution\":\"C:\\\\Users\\\\Property\\\\Documents\\\\cmdl\\\\github\\\\MealsToGo\\\\functions\\\\node_modules\\\\firebase-functions\\\\lib\\\\v1\\\\index.js\"}"}}
[debug] [2024-02-19T11:18:24.509Z] [runtime-status] [29644] Resolved module firebase-admin {"declared":true,"installed":true,"version":"11.11.1","resolution":"C:\\Users\\Property\\Documents\\cmdl\\github\\MealsToGo\\functions\\node_modules\\firebase-admin\\lib\\index.js"} {"metadata":{"emulator":{"name":"functions"},"function":{"name":"us-central1-geocode"},"extension":{},"message":"[runtime-status] [29644] Resolved module firebase-admin {\"declared\":true,\"installed\":true,\"version\":\"11.11.1\",\"resolution\":\"C:\\\\Users\\\\Property\\\\Documents\\\\cmdl\\\\github\\\\MealsToGo\\\\functions\\\\node_modules\\\\firebase-admin\\\\lib\\\\index.js\"}"}}
[debug] [2024-02-19T11:18:24.517Z] [runtime-status] [29644] Resolved module firebase-functions {"declared":true,"installed":true,"version":"4.7.0","resolution":"C:\\Users\\Property\\Documents\\cmdl\\github\\MealsToGo\\functions\\node_modules\\firebase-functions\\lib\\v1\\index.js"} {"metadata":{"emulator":{"name":"functions"},"function":{"name":"us-central1-geocode"},"extension":{},"message":"[runtime-status] [29644] Resolved module firebase-functions {\"declared\":true,\"installed\":true,\"version\":\"4.7.0\",\"resolution\":\"C:\\\\Users\\\\Property\\\\Documents\\\\cmdl\\\\github\\\\MealsToGo\\\\functions\\\\node_modules\\\\firebase-functions\\\\lib\\\\v1\\\\index.js\"}"}}
[debug] [2024-02-19T11:18:24.518Z] [runtime-status] [29644] firebase-admin has been stubbed. {"adminResolution":{"declared":true,"installed":true,"version":"11.11.1","resolution":"C:\\Users\\Property\\Documents\\cmdl\\github\\MealsToGo\\functions\\node_modules\\firebase-admin\\lib\\index.js"}} {"metadata":{"emulator":{"name":"functions"},"function":{"name":"us-central1-geocode"},"extension":{},"message":"[runtime-status] [29644] firebase-admin has been stubbed. {\"adminResolution\":{\"declared\":true,\"installed\":true,\"version\":\"11.11.1\",\"resolution\":\"C:\\\\Users\\\\Property\\\\Documents\\\\cmdl\\\\github\\\\MealsToGo\\\\functions\\\\node_modules\\\\firebase-admin\\\\lib\\\\index.js\"}}"}}
[debug] [2024-02-19T11:18:24.582Z] [runtime-status] [29644] Functions runtime initialized. {"cwd":"C:\\Users\\Property\\Documents\\cmdl\\github\\MealsToGo\\functions","node_version":"20.10.0"} {"metadata":{"emulator":{"name":"functions"},"function":{"name":"us-central1-geocode"},"extension":{},"message":"[runtime-status] [29644] Functions runtime initialized. {\"cwd\":\"C:\\\\Users\\\\Property\\\\Documents\\\\cmdl\\\\github\\\\MealsToGo\\\\functions\",\"node_version\":\"20.10.0\"}"}}
[debug] [2024-02-19T11:18:24.582Z] [runtime-status] [29644] Listening to port: \\?\pipe\fire_emu_f4187d1a067b0095 {"metadata":{"emulator":{"name":"functions"},"function":{"name":"us-central1-geocode"},"extension":{},"message":"[runtime-status] [29644] Listening to port: \\\\?\\pipe\\fire_emu_f4187d1a067b0095"}}
[debug] [2024-02-19T11:18:24.666Z] [worker-us-central1-geocode-4f35ba2c-ef35-4000-98cc-d6098c74ac7a]: IDLE {"metadata":{"emulator":{"name":"functions"},"function":{"name":"us-central1-geocode"},"extension":{},"message":"[worker-us-central1-geocode-4f35ba2c-ef35-4000-98cc-d6098c74ac7a]: IDLE"}}
[debug] [2024-02-19T11:18:24.666Z] [worker-pool] submitRequest(triggerId=us-central1-geocode) {"metadata":{"emulator":{"name":"functions"},"message":"[worker-pool] submitRequest(triggerId=us-central1-geocode)"}}
[info] i  functions: Beginning execution of "us-central1-geocode" {"metadata":{"emulator":{"name":"functions"},"function":{"name":"us-central1-geocode"},"extension":{},"message":"Beginning execution of \"us-central1-geocode\""}}
[debug] [2024-02-19T11:18:24.667Z] [worker-us-central1-geocode-4f35ba2c-ef35-4000-98cc-d6098c74ac7a]: BUSY {"metadata":{"emulator":{"name":"functions"},"function":{"name":"us-central1-geocode"},"extension":{},"message":"[worker-us-central1-geocode-4f35ba2c-ef35-4000-98cc-d6098c74ac7a]: BUSY"}}
[warn] !  functions: TypeError: Cannot read properties of undefined (reading 'key')
    at module.exports.geocodeRequest (C:\Users\Property\Documents\cmdl\github\MealsToGo\functions\geocode\index.js:16:39)
    at C:\Users\Property\Documents\cmdl\github\MealsToGo\functions\index.js:21:3
    at cloudFunction (C:\Users\Property\Documents\cmdl\github\MealsToGo\functions\node_modules\firebase-functions\lib\v1\providers\https.js:51:16)
    at C:\Users\Property\AppData\Roaming\npm\node_modules\firebase-tools\lib\emulator\functionsEmulatorRuntime.js:532:16
    at runFunction (C:\Users\Property\AppData\Roaming\npm\node_modules\firebase-tools\lib\emulator\functionsEmulatorRuntime.js:506:15)
    at runHTTPS (C:\Users\Property\AppData\Roaming\npm\node_modules\firebase-tools\lib\emulator\functionsEmulatorRuntime.js:531:11)
    at C:\Users\Property\AppData\Roaming\npm\node_modules\firebase-tools\lib\emulator\functionsEmulatorRuntime.js:694:27
    at Layer.handle [as handle_request] (C:\Users\Property\AppData\Roaming\npm\node_modules\firebase-tools\node_modules\express\lib\router\layer.js:95:5)
    at next (C:\Users\Property\AppData\Roaming\npm\node_modules\firebase-tools\node_modules\express\lib\router\route.js:144:13)
    at next (C:\Users\Property\AppData\Roaming\npm\node_modules\firebase-tools\node_modules\express\lib\router\route.js:140:7) {"metadata":{"emulator":{"name":"functions"},"function":{"name":"us-central1-geocode"},"extension":{},"message":"TypeError: Cannot read properties of undefined (reading 'key')\n    at module.exports.geocodeRequest (C:\\Users\\Property\\Documents\\cmdl\\github\\MealsToGo\\functions\\geocode\\index.js:16:39)\n    at C:\\Users\\Property\\Documents\\cmdl\\github\\MealsToGo\\functions\\index.js:21:3\n    at cloudFunction (C:\\Users\\Property\\Documents\\cmdl\\github\\MealsToGo\\functions\\node_modules\\firebase-functions\\lib\\v1\\providers\\https.js:51:16)\n    at C:\\Users\\Property\\AppData\\Roaming\\npm\\node_modules\\firebase-tools\\lib\\emulator\\functionsEmulatorRuntime.js:532:16\n    at runFunction (C:\\Users\\Property\\AppData\\Roaming\\npm\\node_modules\\firebase-tools\\lib\\emulator\\functionsEmulatorRuntime.js:506:15)\n    at runHTTPS (C:\\Users\\Property\\AppData\\Roaming\\npm\\node_modules\\firebase-tools\\lib\\emulator\\functionsEmulatorRuntime.js:531:11)\n    at C:\\Users\\Property\\AppData\\Roaming\\npm\\node_modules\\firebase-tools\\lib\\emulator\\functionsEmulatorRuntime.js:694:27\n    at Layer.handle [as handle_request] (C:\\Users\\Property\\AppData\\Roaming\\npm\\node_modules\\firebase-tools\\node_modules\\express\\lib\\router\\layer.js:95:5)\n    at next (C:\\Users\\Property\\AppData\\Roaming\\npm\\node_modules\\firebase-tools\\node_modules\\express\\lib\\router\\route.js:144:13)\n    at next (C:\\Users\\Property\\AppData\\Roaming\\npm\\node_modules\\firebase-tools\\node_modules\\express\\lib\\router\\route.js:140:7)"}}
[warn] !  Your function was killed because it raised an unhandled error. {"metadata":{"emulator":{"name":"functions"},"function":{"name":"us-central1-geocode"},"extension":{},"message":"Your function was killed because it raised an unhandled error."}}
[debug] [2024-02-19T11:18:24.674Z] Finishing up request with event=pause {"metadata":{"emulator":{"name":"functions"},"function":{"name":"us-central1-geocode"},"extension":{},"message":"Finishing up request with event=pause"}}
[info] i  functions: Finished "us-central1-geocode" in 7.7378ms {"metadata":{"emulator":{"name":"functions"},"function":{"name":"us-central1-geocode"},"extension":{},"message":"Finished \"us-central1-geocode\" in 7.7378ms"}}
[debug] [2024-02-19T11:18:24.675Z] [worker-us-central1-geocode-4f35ba2c-ef35-4000-98cc-d6098c74ac7a]: IDLE {"metadata":{"emulator":{"name":"functions"},"function":{"name":"us-central1-geocode"},"extension":{},"message":"[worker-us-central1-geocode-4f35ba2c-ef35-4000-98cc-d6098c74ac7a]: IDLE"}}
[debug] [2024-02-19T11:18:24.675Z] Finishing up request with event=finish {"metadata":{"emulator":{"name":"functions"},"function":{"name":"us-central1-geocode"},"extension":{},"message":"Finishing up request with event=finish"}}
[debug] [2024-02-19T11:18:24.675Z] Finishing up request with event=close {"metadata":{"emulator":{"name":"functions"},"function":{"name":"us-central1-geocode"},"extension":{},"message":"Finishing up request with event=close"}}
[debug] [2024-02-19T11:18:24.675Z] [work-queue] {"queuedWork":[],"queueLength":0,"runningWork":[],"workRunningCount":0}
[debug] [2024-02-19T11:18:24.687Z] [worker-us-central1-geocode-4f35ba2c-ef35-4000-98cc-d6098c74ac7a]: exited {"metadata":{"emulator":{"name":"functions"},"function":{"name":"us-central1-geocode"},"extension":{},"message":"[worker-us-central1-geocode-4f35ba2c-ef35-4000-98cc-d6098c74ac7a]: exited"}}
[debug] [2024-02-19T11:18:24.688Z] [worker-us-central1-geocode-4f35ba2c-ef35-4000-98cc-d6098c74ac7a]: FINISHED {"metadata":{"emulator":{"name":"functions"},"function":{"name":"us-central1-geocode"},"extension":{},"message":"[worker-us-central1-geocode-4f35ba2c-ef35-4000-98cc-d6098c74ac7a]: FINISHED"}}
